2015-04-17 12:32:55 INFO  StreamsManager:83 - StreamsManager is open now.
2015-04-17 12:32:55 INFO  StreamsMonitor:37 - Initialize Execution Service with 1 threads.
2015-04-17 12:32:55 INFO  MongoDbStorage:53 - Open MongoDB storage <host: 127.0.0.1>
2015-04-17 12:32:57 ERROR MongoDbStorage:60 - MongoDB Storage failed to open!
2015-04-17 12:32:57 INFO  StreamsManager:97 - Storage Manager is ready to store.
2015-04-17 12:32:57 INFO  StreamsManager:117 - Start Stream : Twitter
2015-04-17 12:32:57 INFO  TwitterStream:29 - #Twitter : Open stream
2015-04-17 12:32:57 INFO  TwitterStream:47 - Initialize Twitter Retriever for REST api
2015-04-17 12:32:57 INFO  StreamsMonitor:66 - Start Twitter Fetch Task
2015-04-17 12:32:57 INFO  StreamsManager:224 - Remove 0 feeds
2015-04-17 12:32:57 INFO  StreamsManager:238 - Add 1 new feeds
2015-04-17 12:32:59 INFO  StreamsMonitor:162 - Submit new task in Twitter
2015-04-17 12:32:59 INFO  StreamFetchTask:132 - Poll for gr.iti.mklab.framework.feeds.KeywordsFeed@6f12fe01
2015-04-17 12:32:59 INFO  TwitterRetriever:178 - Query String: { "0" : "frange OR germany"}
2015-04-17 12:33:00 INFO  Stream:110 - Retrieved items for Twitter are : 0
2015-04-17 12:33:07 INFO  StreamsManager:148 - Close gr.iti.mklab.simmo.sfc.streams.impl.TwitterStream@38425407
2015-04-17 12:33:07 INFO  Stream:63 - Close Stream  : gr.iti.mklab.simmo.sfc.streams.impl.TwitterStream
2015-04-17 12:33:07 ERROR Consumer:101 - java.lang.InterruptedException
2015-04-17 12:33:07 ERROR Consumer:101 - java.lang.InterruptedException
2015-04-17 12:33:07 ERROR Consumer:101 - java.lang.InterruptedException
2015-04-17 12:33:07 ERROR Consumer:49 - Post is null.
2015-04-17 12:33:07 ERROR Consumer:101 - java.lang.InterruptedException
2015-04-17 12:33:07 ERROR Consumer:101 - java.lang.InterruptedException
2015-04-17 12:33:07 ERROR Consumer:49 - Post is null.
2015-04-17 12:33:07 ERROR Consumer:101 - java.lang.InterruptedException
2015-04-17 12:33:07 ERROR Consumer:101 - java.lang.InterruptedException
2015-04-17 12:33:07 ERROR Consumer:49 - Post is null.
2015-04-17 12:33:07 ERROR Consumer:101 - java.lang.InterruptedException
2015-04-17 12:33:07 ERROR Consumer:49 - Post is null.
2015-04-17 12:33:07 ERROR Consumer:101 - java.lang.InterruptedException
2015-04-17 12:33:07 ERROR Consumer:49 - Post is null.
2015-04-17 12:33:07 ERROR Consumer:49 - Post is null.
2015-04-17 12:33:07 ERROR Consumer:49 - Post is null.
2015-04-17 12:33:07 ERROR Consumer:101 - java.lang.InterruptedException
2015-04-17 12:33:07 ERROR Consumer:49 - Post is null.
2015-04-17 12:33:07 ERROR Consumer:101 - java.lang.InterruptedException
2015-04-17 12:33:07 ERROR Consumer:49 - Post is null.
2015-04-17 12:33:07 ERROR Consumer:101 - java.lang.InterruptedException
2015-04-17 12:33:07 ERROR Consumer:49 - Post is null.
2015-04-17 12:33:07 ERROR Consumer:101 - java.lang.InterruptedException
2015-04-17 12:33:07 ERROR Consumer:49 - Post is null.
2015-04-17 12:33:07 ERROR Consumer:101 - java.lang.InterruptedException
2015-04-17 12:33:07 ERROR Consumer:49 - Post is null.
2015-04-17 12:33:07 ERROR Consumer:101 - java.lang.InterruptedException
2015-04-17 12:33:07 ERROR Consumer:49 - Post is null.
2015-04-17 12:33:07 ERROR Consumer:101 - java.lang.InterruptedException
2015-04-17 12:33:07 ERROR Consumer:49 - Post is null.
2015-04-17 12:33:07 ERROR Consumer:49 - Post is null.
2015-04-17 12:33:07 ERROR Consumer:49 - Post is null.
2015-04-17 12:34:00 INFO  StreamsManager:83 - StreamsManager is open now.
2015-04-17 12:34:00 INFO  StreamsMonitor:37 - Initialize Execution Service with 1 threads.
2015-04-17 12:34:00 INFO  MongoDbStorage:53 - Open MongoDB storage <host: 127.0.0.1>
2015-04-17 12:34:01 ERROR MongoDbStorage:60 - MongoDB Storage failed to open!
2015-04-17 12:34:01 INFO  StreamsManager:97 - Storage Manager is ready to store.
2015-04-17 12:34:01 INFO  StreamsManager:117 - Start Stream : Twitter
2015-04-17 12:34:01 INFO  TwitterStream:29 - #Twitter : Open stream
2015-04-17 12:34:01 INFO  TwitterStream:47 - Initialize Twitter Retriever for REST api
2015-04-17 12:34:01 INFO  StreamsMonitor:66 - Start Twitter Fetch Task
2015-04-17 12:34:01 INFO  StreamsManager:224 - Remove 0 feeds
2015-04-17 12:34:01 INFO  StreamsManager:238 - Add 1 new feeds
2015-04-17 12:34:03 INFO  StreamsMonitor:162 - Submit new task in Twitter
2015-04-17 12:34:03 INFO  StreamFetchTask:132 - Poll for gr.iti.mklab.framework.feeds.KeywordsFeed@6f12fe01
2015-04-17 12:34:03 INFO  TwitterRetriever:178 - Query String: { "0" : "lubitz"}
2015-04-17 12:34:05 INFO  StreamsMonitor:167 - Twitter is running
2015-04-17 12:34:07 INFO  StreamsMonitor:167 - Twitter is running
2015-04-17 12:34:09 INFO  StreamsMonitor:167 - Twitter is running
2015-04-17 12:34:10 INFO  Stream:110 - Retrieved items for Twitter are : 474
2015-04-17 12:34:11 INFO  StreamsManager:148 - Close gr.iti.mklab.simmo.sfc.streams.impl.TwitterStream@38425407
2015-04-17 12:34:11 INFO  Stream:63 - Close Stream  : gr.iti.mklab.simmo.sfc.streams.impl.TwitterStream
2015-04-17 12:37:53 INFO  StreamsManager:83 - StreamsManager is open now.
2015-04-17 12:37:53 INFO  StreamsMonitor:37 - Initialize Execution Service with 1 threads.
2015-04-17 12:37:53 INFO  MongoDbStorage:53 - Open MongoDB storage <host: 127.0.0.1>
2015-04-17 12:37:54 ERROR MongoDbStorage:60 - MongoDB Storage failed to open!
2015-04-17 12:37:54 INFO  StreamsManager:97 - Storage Manager is ready to store.
2015-04-17 12:37:54 INFO  StreamsManager:117 - Start Stream : Twitter
2015-04-17 12:37:54 INFO  TwitterStream:29 - #Twitter : Open stream
2015-04-17 12:37:54 INFO  TwitterStream:47 - Initialize Twitter Retriever for REST api
2015-04-17 12:37:54 INFO  StreamsMonitor:66 - Start Twitter Fetch Task
2015-04-17 12:37:54 INFO  StreamsManager:224 - Remove 0 feeds
2015-04-17 12:37:54 INFO  StreamsManager:238 - Add 1 new feeds
2015-04-17 12:37:56 INFO  StreamsMonitor:162 - Submit new task in Twitter
2015-04-17 12:37:56 INFO  StreamFetchTask:132 - Poll for gr.iti.mklab.framework.feeds.KeywordsFeed@6f12fe01
2015-04-17 12:37:56 INFO  TwitterRetriever:178 - Query String: { "0" : "obama"}
2015-04-17 12:37:58 INFO  StreamsMonitor:167 - Twitter is running
2015-04-17 12:38:00 INFO  StreamsMonitor:167 - Twitter is running
2015-04-17 12:38:02 INFO  StreamsMonitor:167 - Twitter is running
2015-04-17 12:38:04 INFO  StreamsManager:148 - Close gr.iti.mklab.simmo.sfc.streams.impl.TwitterStream@38425407
2015-04-17 12:38:04 INFO  Stream:63 - Close Stream  : gr.iti.mklab.simmo.sfc.streams.impl.TwitterStream
2015-04-17 12:38:04 ERROR Consumer:101 - java.lang.InterruptedException
2015-04-17 12:38:04 ERROR Consumer:101 - java.lang.InterruptedException
2015-04-17 12:38:04 ERROR Consumer:49 - Post is null.
2015-04-17 12:38:04 ERROR Consumer:101 - java.lang.InterruptedException
2015-04-17 12:38:04 ERROR Consumer:49 - Post is null.
2015-04-17 12:38:04 ERROR Consumer:101 - java.lang.InterruptedException
2015-04-17 12:38:04 ERROR Consumer:49 - Post is null.
2015-04-17 12:38:04 ERROR Consumer:101 - java.lang.InterruptedException
2015-04-17 12:38:04 ERROR Consumer:49 - Post is null.
2015-04-17 12:38:04 ERROR Consumer:101 - java.lang.InterruptedException
2015-04-17 12:38:04 ERROR Consumer:49 - Post is null.
2015-04-17 12:38:04 ERROR Consumer:101 - java.lang.InterruptedException
2015-04-17 12:38:04 ERROR Consumer:101 - java.lang.InterruptedException
2015-04-17 12:38:04 ERROR Consumer:49 - Post is null.
2015-04-17 12:38:04 ERROR Consumer:101 - java.lang.InterruptedException
2015-04-17 12:38:04 ERROR Consumer:49 - Post is null.
2015-04-17 12:38:04 ERROR Consumer:101 - java.lang.InterruptedException
2015-04-17 12:38:04 ERROR Consumer:49 - Post is null.
2015-04-17 12:38:04 ERROR Consumer:101 - java.lang.InterruptedException
2015-04-17 12:38:04 ERROR Consumer:49 - Post is null.
2015-04-17 12:38:04 ERROR Consumer:101 - java.lang.InterruptedException
2015-04-17 12:38:04 ERROR Consumer:49 - Post is null.
2015-04-17 12:38:04 ERROR Consumer:101 - java.lang.InterruptedException
2015-04-17 12:38:04 ERROR Consumer:49 - Post is null.
2015-04-17 12:38:04 ERROR Consumer:101 - java.lang.InterruptedException
2015-04-17 12:38:04 ERROR Consumer:49 - Post is null.
2015-04-17 12:38:04 ERROR Consumer:101 - java.lang.InterruptedException
2015-04-17 12:38:04 ERROR Consumer:49 - Post is null.
2015-04-17 12:38:04 ERROR Consumer:101 - java.lang.InterruptedException
2015-04-17 12:38:04 ERROR Consumer:49 - Post is null.
2015-04-17 12:38:04 ERROR Consumer:49 - Post is null.
2015-04-17 12:38:04 INFO  StreamsMonitor:167 - Twitter is running
2015-04-17 12:38:04 ERROR Consumer:49 - Post is null.
2015-04-17 12:38:06 INFO  StreamsMonitor:167 - Twitter is running
2015-04-17 12:38:08 INFO  StreamsMonitor:167 - Twitter is running
2015-04-17 12:38:10 INFO  StreamsMonitor:167 - Twitter is running
2015-04-17 12:38:12 INFO  StreamsMonitor:167 - Twitter is running
2015-04-17 12:38:14 INFO  StreamsMonitor:167 - Twitter is running
2015-04-17 12:38:16 INFO  StreamsMonitor:167 - Twitter is running
2015-04-17 12:38:18 INFO  StreamsMonitor:167 - Twitter is running
2015-04-17 12:38:20 INFO  StreamsMonitor:167 - Twitter is running
2015-04-17 12:38:22 INFO  StreamsMonitor:167 - Twitter is running
2015-04-17 12:38:24 INFO  StreamsMonitor:167 - Twitter is running
2015-04-17 12:38:26 INFO  StreamsMonitor:167 - Twitter is running
2015-04-17 12:38:28 INFO  StreamsMonitor:167 - Twitter is running
2015-04-17 12:38:30 INFO  StreamsMonitor:167 - Twitter is running
2015-04-17 12:38:32 INFO  StreamsMonitor:167 - Twitter is running
2015-04-17 12:38:34 INFO  StreamsMonitor:167 - Twitter is running
2015-04-17 12:38:36 INFO  StreamsMonitor:167 - Twitter is running
2015-04-17 12:38:38 INFO  StreamsMonitor:167 - Twitter is running
2015-04-17 12:38:40 INFO  StreamsMonitor:167 - Twitter is running
2015-04-17 12:38:42 INFO  StreamsMonitor:167 - Twitter is running
2015-04-17 12:38:44 INFO  StreamsMonitor:167 - Twitter is running
2015-04-17 12:38:46 INFO  StreamsMonitor:167 - Twitter is running
2015-04-17 12:38:48 INFO  StreamsMonitor:167 - Twitter is running
2015-04-17 12:38:50 INFO  StreamsMonitor:167 - Twitter is running
2015-04-17 12:38:52 INFO  StreamsMonitor:167 - Twitter is running
2015-04-17 12:38:54 INFO  StreamsMonitor:167 - Twitter is running
2015-04-17 12:38:56 INFO  StreamsMonitor:167 - Twitter is running
2015-04-17 12:38:59 INFO  StreamsMonitor:167 - Twitter is running
2015-04-17 12:39:01 INFO  StreamsMonitor:167 - Twitter is running
2015-04-17 12:39:03 INFO  StreamsMonitor:167 - Twitter is running
2015-04-17 12:39:05 INFO  StreamsMonitor:167 - Twitter is running
2015-04-17 12:39:07 INFO  StreamsMonitor:167 - Twitter is running
2015-04-17 12:39:09 INFO  StreamsMonitor:167 - Twitter is running
2015-04-17 12:39:11 INFO  StreamsMonitor:167 - Twitter is running
2015-04-17 12:39:13 INFO  StreamsMonitor:167 - Twitter is running
2015-04-17 12:39:15 INFO  StreamsMonitor:167 - Twitter is running
2015-04-17 12:39:17 INFO  StreamsMonitor:167 - Twitter is running
2015-04-17 12:39:19 INFO  StreamsMonitor:167 - Twitter is running
2015-04-17 12:39:31 INFO  StreamsManager:83 - StreamsManager is open now.
2015-04-17 12:39:31 INFO  StreamsMonitor:37 - Initialize Execution Service with 1 threads.
2015-04-17 12:39:31 INFO  MongoDbStorage:53 - Open MongoDB storage <host: 127.0.0.1>
2015-04-17 12:39:32 ERROR MongoDbStorage:60 - MongoDB Storage failed to open!
2015-04-17 12:39:32 INFO  StreamsManager:97 - Storage Manager is ready to store.
2015-04-17 12:39:32 INFO  StreamsManager:117 - Start Stream : Twitter
2015-04-17 12:39:32 INFO  TwitterStream:29 - #Twitter : Open stream
2015-04-17 12:39:32 INFO  TwitterStream:47 - Initialize Twitter Retriever for REST api
2015-04-17 12:39:32 INFO  StreamsMonitor:66 - Start Twitter Fetch Task
2015-04-17 12:39:32 INFO  StreamsManager:224 - Remove 0 feeds
2015-04-17 12:39:32 INFO  StreamsManager:238 - Add 1 new feeds
2015-04-17 12:39:34 INFO  StreamsMonitor:162 - Submit new task in Twitter
2015-04-17 12:39:34 INFO  StreamFetchTask:132 - Poll for gr.iti.mklab.framework.feeds.KeywordsFeed@6f12fe01
2015-04-17 12:39:34 INFO  TwitterRetriever:178 - Query String: { "0" : "obama"}
2015-04-17 12:39:36 INFO  StreamsMonitor:167 - Twitter is running
2015-04-17 12:39:38 INFO  StreamsMonitor:167 - Twitter is running
2015-04-17 12:39:40 INFO  StreamsMonitor:167 - Twitter is running
2015-04-17 12:39:42 INFO  StreamsMonitor:167 - Twitter is running
2015-04-17 12:39:44 INFO  StreamsMonitor:167 - Twitter is running
2015-04-17 12:39:46 INFO  StreamsMonitor:167 - Twitter is running
2015-04-17 12:39:48 INFO  StreamsMonitor:167 - Twitter is running
2015-04-17 12:39:50 INFO  StreamsMonitor:167 - Twitter is running
2015-04-17 12:39:52 INFO  StreamsMonitor:167 - Twitter is running
2015-04-17 12:39:54 INFO  StreamsMonitor:167 - Twitter is running
2015-04-17 12:39:56 INFO  StreamsMonitor:167 - Twitter is running
2015-04-17 12:39:58 INFO  StreamsMonitor:167 - Twitter is running
2015-04-17 12:40:00 INFO  StreamsMonitor:167 - Twitter is running
2015-04-17 12:40:02 INFO  StreamsMonitor:167 - Twitter is running
2015-04-17 12:40:04 INFO  StreamsMonitor:167 - Twitter is running
2015-04-17 12:40:06 INFO  StreamsMonitor:167 - Twitter is running
2015-04-17 12:40:08 INFO  StreamsMonitor:167 - Twitter is running
2015-04-17 12:40:10 INFO  StreamsMonitor:167 - Twitter is running
2015-04-17 12:40:12 INFO  StreamsMonitor:167 - Twitter is running
2015-04-17 12:40:14 INFO  StreamsMonitor:167 - Twitter is running
2015-04-17 12:40:16 INFO  StreamsMonitor:167 - Twitter is running
2015-04-17 12:40:18 INFO  StreamsMonitor:167 - Twitter is running
2015-04-17 12:40:20 INFO  StreamsMonitor:167 - Twitter is running
2015-04-17 12:40:22 INFO  StreamsMonitor:167 - Twitter is running
2015-04-17 12:40:24 INFO  StreamsMonitor:167 - Twitter is running
2015-04-17 12:40:26 INFO  StreamsMonitor:167 - Twitter is running
2015-04-17 12:40:28 INFO  StreamsMonitor:167 - Twitter is running
2015-04-17 12:40:30 INFO  StreamsMonitor:167 - Twitter is running
2015-04-17 12:40:32 INFO  StreamsMonitor:167 - Twitter is running
2015-04-17 12:40:34 INFO  StreamsMonitor:167 - Twitter is running
2015-04-17 12:40:36 INFO  StreamsMonitor:167 - Twitter is running
2015-04-17 12:40:38 INFO  StreamsMonitor:167 - Twitter is running
2015-04-17 12:40:40 INFO  StreamsMonitor:167 - Twitter is running
2015-04-17 12:40:42 INFO  StreamsMonitor:167 - Twitter is running
2015-04-17 12:40:44 INFO  StreamsMonitor:167 - Twitter is running
2015-04-17 12:40:46 INFO  StreamsMonitor:167 - Twitter is running
2015-04-17 12:40:48 INFO  StreamsMonitor:167 - Twitter is running
2015-04-17 12:40:50 INFO  StreamsMonitor:167 - Twitter is running
2015-04-17 12:40:52 INFO  StreamsMonitor:167 - Twitter is running
2015-04-17 12:40:54 INFO  StreamsMonitor:167 - Twitter is running
2015-04-17 12:40:56 INFO  StreamsMonitor:167 - Twitter is running
2015-04-17 12:40:58 INFO  StreamsMonitor:167 - Twitter is running
2015-04-17 12:41:00 INFO  StreamsMonitor:167 - Twitter is running
2015-04-17 12:41:02 INFO  StreamsMonitor:167 - Twitter is running
2015-04-17 12:41:04 INFO  StreamsMonitor:167 - Twitter is running
2015-04-17 12:41:06 INFO  StreamsMonitor:167 - Twitter is running
2015-04-17 12:41:08 INFO  StreamsMonitor:167 - Twitter is running
2015-04-17 12:41:10 INFO  StreamsMonitor:167 - Twitter is running
2015-04-17 12:41:12 INFO  StreamsMonitor:167 - Twitter is running
2015-04-17 12:41:14 INFO  StreamsMonitor:167 - Twitter is running
2015-04-17 12:41:16 INFO  StreamsMonitor:167 - Twitter is running
2015-04-17 12:41:18 INFO  StreamsMonitor:167 - Twitter is running
2015-04-17 12:41:20 INFO  StreamsMonitor:167 - Twitter is running
2015-04-17 12:41:22 INFO  StreamsMonitor:167 - Twitter is running
2015-04-17 12:41:24 INFO  StreamsMonitor:167 - Twitter is running
2015-04-17 12:41:26 INFO  StreamsMonitor:167 - Twitter is running
2015-04-17 12:41:28 INFO  StreamsMonitor:167 - Twitter is running
2015-04-17 12:41:30 INFO  StreamsMonitor:167 - Twitter is running
2015-04-17 12:41:32 INFO  StreamsMonitor:167 - Twitter is running
2015-04-17 12:41:34 INFO  StreamsMonitor:167 - Twitter is running
2015-04-17 12:41:36 INFO  StreamsMonitor:167 - Twitter is running
2015-04-17 12:41:38 INFO  StreamsMonitor:167 - Twitter is running
2015-04-17 12:41:40 INFO  StreamsMonitor:167 - Twitter is running
2015-04-17 12:41:42 INFO  StreamsMonitor:167 - Twitter is running
2015-04-17 12:41:44 INFO  StreamsMonitor:167 - Twitter is running
2015-04-17 12:41:46 INFO  StreamsMonitor:167 - Twitter is running
2015-04-17 12:41:48 INFO  StreamsMonitor:167 - Twitter is running
2015-04-17 12:41:50 INFO  StreamsMonitor:167 - Twitter is running
2015-04-17 12:41:52 INFO  StreamsMonitor:167 - Twitter is running
2015-04-17 12:41:54 INFO  StreamsMonitor:167 - Twitter is running
2015-04-17 12:41:56 INFO  StreamsMonitor:167 - Twitter is running
2015-04-17 12:41:58 INFO  StreamsMonitor:167 - Twitter is running
2015-04-17 12:42:00 INFO  StreamsMonitor:167 - Twitter is running
2015-04-17 12:42:02 INFO  StreamsMonitor:167 - Twitter is running
2015-04-17 12:42:04 INFO  StreamsMonitor:167 - Twitter is running
2015-04-17 12:42:06 INFO  StreamsMonitor:167 - Twitter is running
2015-04-17 12:42:08 INFO  StreamsMonitor:167 - Twitter is running
2015-04-17 12:42:10 INFO  StreamsMonitor:167 - Twitter is running
2015-04-17 12:42:12 INFO  StreamsMonitor:167 - Twitter is running
2015-04-17 12:42:14 INFO  StreamsMonitor:167 - Twitter is running
2015-04-17 12:42:16 INFO  StreamsMonitor:167 - Twitter is running
2015-04-17 12:42:18 INFO  StreamsMonitor:167 - Twitter is running
2015-04-17 12:42:20 INFO  StreamsMonitor:167 - Twitter is running
2015-04-17 12:42:22 INFO  StreamsMonitor:167 - Twitter is running
2015-04-17 12:42:24 INFO  StreamsMonitor:167 - Twitter is running
2015-04-17 12:42:26 INFO  StreamsMonitor:167 - Twitter is running
2015-04-17 12:42:28 INFO  StreamsMonitor:167 - Twitter is running
2015-04-17 12:42:30 INFO  StreamsMonitor:167 - Twitter is running
2015-04-17 12:42:32 INFO  StreamsMonitor:167 - Twitter is running
2015-04-17 12:42:34 INFO  StreamsMonitor:167 - Twitter is running
2015-04-17 12:42:50 INFO  StreamsManager:83 - StreamsManager is open now.
2015-04-17 12:42:50 INFO  StreamsMonitor:37 - Initialize Execution Service with 1 threads.
2015-04-17 12:42:50 INFO  MongoDbStorage:53 - Open MongoDB storage <host: 127.0.0.1>
2015-04-17 12:42:51 ERROR MongoDbStorage:60 - MongoDB Storage failed to open!
2015-04-17 12:42:51 INFO  StreamsManager:97 - Storage Manager is ready to store.
2015-04-17 12:42:51 INFO  StreamsManager:117 - Start Stream : Twitter
2015-04-17 12:42:51 INFO  TwitterStream:29 - #Twitter : Open stream
2015-04-17 12:42:51 INFO  TwitterStream:47 - Initialize Twitter Retriever for REST api
2015-04-17 12:42:51 INFO  StreamsMonitor:66 - Start Twitter Fetch Task
2015-04-17 12:42:51 INFO  StreamsManager:224 - Remove 0 feeds
2015-04-17 12:42:51 INFO  StreamsManager:238 - Add 1 new feeds
2015-04-17 12:42:53 INFO  StreamsMonitor:162 - Submit new task in Twitter
2015-04-17 12:42:53 INFO  StreamFetchTask:132 - Poll for gr.iti.mklab.framework.feeds.KeywordsFeed@6f12fe01
2015-04-17 12:42:53 INFO  TwitterRetriever:178 - Query String: { "0" : "obama election uk"}
2015-04-17 12:42:54 INFO  Stream:110 - Retrieved items for Twitter are : 0
2015-04-17 12:43:29 INFO  StreamsManager:83 - StreamsManager is open now.
2015-04-17 12:43:29 INFO  StreamsMonitor:37 - Initialize Execution Service with 1 threads.
2015-04-17 12:43:29 INFO  MongoDbStorage:53 - Open MongoDB storage <host: 127.0.0.1>
2015-04-17 12:43:31 ERROR MongoDbStorage:60 - MongoDB Storage failed to open!
2015-04-17 12:43:31 INFO  StreamsManager:97 - Storage Manager is ready to store.
2015-04-17 12:43:31 INFO  StreamsManager:117 - Start Stream : Twitter
2015-04-17 12:43:31 INFO  TwitterStream:29 - #Twitter : Open stream
2015-04-17 12:43:31 INFO  TwitterStream:47 - Initialize Twitter Retriever for REST api
2015-04-17 12:43:31 INFO  StreamsMonitor:66 - Start Twitter Fetch Task
2015-04-17 12:43:31 INFO  StreamsManager:224 - Remove 0 feeds
2015-04-17 12:43:31 INFO  StreamsManager:238 - Add 1 new feeds
2015-04-17 12:43:33 INFO  StreamsMonitor:162 - Submit new task in Twitter
2015-04-17 12:43:33 INFO  StreamFetchTask:132 - Poll for gr.iti.mklab.framework.feeds.KeywordsFeed@6f12fe01
2015-04-17 12:43:33 INFO  TwitterRetriever:178 - Query String: { "0" : "snowden"}
2015-04-17 12:43:35 INFO  StreamsMonitor:167 - Twitter is running
2015-04-17 12:43:37 INFO  StreamsMonitor:167 - Twitter is running
2015-04-17 12:43:39 INFO  StreamsMonitor:167 - Twitter is running
2015-04-17 12:43:41 INFO  StreamsMonitor:167 - Twitter is running
2015-04-17 12:43:43 INFO  StreamsMonitor:167 - Twitter is running
2015-04-17 12:43:45 INFO  StreamsMonitor:167 - Twitter is running
2015-04-17 12:43:46 INFO  Stream:110 - Retrieved items for Twitter are : 795
2015-04-17 12:44:40 INFO  StreamsManager:83 - StreamsManager is open now.
2015-04-17 12:44:40 INFO  StreamsMonitor:37 - Initialize Execution Service with 1 threads.
2015-04-17 12:44:54 INFO  MongoDbStorage:53 - Open MongoDB storage <host: 127.0.0.1>
2015-04-17 12:48:07 INFO  StreamsManager:83 - StreamsManager is open now.
2015-04-17 12:48:07 INFO  StreamsMonitor:37 - Initialize Execution Service with 1 threads.
2015-04-17 12:48:07 INFO  MongoDbStorage:53 - Open MongoDB storage <host: 127.0.0.1>
2015-04-17 12:48:08 ERROR MongoDbStorage:60 - MongoDB Storage failed to open!
2015-04-17 12:48:08 INFO  StreamsManager:97 - Storage Manager is ready to store.
2015-04-17 12:48:08 INFO  StreamsManager:117 - Start Stream : Twitter
2015-04-17 12:48:08 INFO  TwitterStream:29 - #Twitter : Open stream
2015-04-17 12:48:08 INFO  TwitterStream:47 - Initialize Twitter Retriever for REST api
2015-04-17 12:48:08 INFO  StreamsMonitor:66 - Start Twitter Fetch Task
2015-04-17 12:48:08 INFO  StreamsManager:224 - Remove 0 feeds
2015-04-17 12:48:08 INFO  StreamsManager:238 - Add 1 new feeds
2015-04-17 12:48:10 INFO  StreamsMonitor:162 - Submit new task in Twitter
2015-04-17 12:48:10 INFO  StreamFetchTask:132 - Poll for gr.iti.mklab.framework.feeds.KeywordsFeed@6f12fe01
2015-04-17 12:48:10 INFO  TwitterRetriever:178 - Query String: { "0" : "snowden"}
2015-04-17 12:48:12 INFO  StreamsMonitor:167 - Twitter is running
2015-04-17 12:58:47 INFO  StreamsMonitor:162 - Submit new task in Twitter
2015-04-17 12:58:47 INFO  StreamFetchTask:132 - Poll for gr.iti.mklab.framework.feeds.KeywordsFeed@6f12fe01
2015-04-17 12:58:47 INFO  TwitterRetriever:178 - Query String: { "0" : "snowden"}
2015-04-17 12:58:48 INFO  Stream:110 - Retrieved items for Twitter are : 1
2015-04-17 13:04:54 INFO  StreamsManager:83 - StreamsManager is open now.
2015-04-17 13:04:54 INFO  StreamsMonitor:37 - Initialize Execution Service with 1 threads.
2015-04-17 13:04:54 INFO  MongoDbStorage:53 - Open MongoDB storage <host: 127.0.0.1>
2015-04-17 13:04:55 ERROR MongoDbStorage:60 - MongoDB Storage failed to open!
2015-04-17 13:04:55 INFO  StreamsManager:97 - Storage Manager is ready to store.
2015-04-17 13:04:55 INFO  StreamsManager:117 - Start Stream : Twitter
2015-04-17 13:04:55 INFO  TwitterStream:29 - #Twitter : Open stream
2015-04-17 13:04:55 INFO  TwitterStream:47 - Initialize Twitter Retriever for REST api
2015-04-17 13:04:55 INFO  StreamsMonitor:66 - Start Twitter Fetch Task
2015-04-17 13:04:55 INFO  StreamsManager:224 - Remove 0 feeds
2015-04-17 13:04:55 INFO  StreamsManager:238 - Add 1 new feeds
2015-04-17 13:04:57 INFO  StreamsMonitor:162 - Submit new task in Twitter
2015-04-17 13:04:57 INFO  StreamFetchTask:132 - Poll for gr.iti.mklab.framework.feeds.KeywordsFeed@6f12fe01
2015-04-17 13:04:57 INFO  TwitterRetriever:178 - Query String: { "0" : "snowden"}
2015-04-17 13:04:59 INFO  StreamsMonitor:167 - Twitter is running
2015-04-17 13:05:01 INFO  StreamsMonitor:167 - Twitter is running
2015-04-17 13:05:03 INFO  StreamsMonitor:167 - Twitter is running
2015-04-17 13:05:05 INFO  StreamsMonitor:167 - Twitter is running
2015-04-17 13:05:07 INFO  Stream:110 - Retrieved items for Twitter are : 795
2015-04-17 13:11:56 INFO  StreamsManager:83 - StreamsManager is open now.
2015-04-17 13:11:56 INFO  StreamsMonitor:37 - Initialize Execution Service with 1 threads.
2015-04-17 13:12:07 INFO  MongoDbStorage:53 - Open MongoDB storage <host: 127.0.0.1>
2015-04-17 13:13:49 INFO  StreamsMonitor:162 - Submit new task in Twitter
2015-04-17 13:13:49 INFO  StreamFetchTask:132 - Poll for gr.iti.mklab.framework.feeds.KeywordsFeed@6f12fe01
2015-04-17 13:13:49 INFO  TwitterRetriever:178 - Query String: { "0" : "snowden"}
2015-04-17 13:13:50 INFO  Stream:110 - Retrieved items for Twitter are : 1
2015-04-17 13:28:51 INFO  StreamsMonitor:162 - Submit new task in Twitter
2015-04-17 13:28:51 INFO  StreamFetchTask:132 - Poll for gr.iti.mklab.framework.feeds.KeywordsFeed@6f12fe01
2015-04-17 13:28:51 INFO  TwitterRetriever:178 - Query String: { "0" : "snowden"}
2015-04-17 13:28:52 INFO  Stream:110 - Retrieved items for Twitter are : 1
2015-04-17 13:43:53 INFO  StreamsMonitor:162 - Submit new task in Twitter
2015-04-17 13:43:53 INFO  StreamFetchTask:132 - Poll for gr.iti.mklab.framework.feeds.KeywordsFeed@6f12fe01
2015-04-17 13:43:53 INFO  TwitterRetriever:178 - Query String: { "0" : "snowden"}
2015-04-17 13:43:54 INFO  Stream:110 - Retrieved items for Twitter are : 1
2015-04-17 13:58:55 INFO  StreamsMonitor:162 - Submit new task in Twitter
2015-04-17 13:58:55 INFO  StreamFetchTask:132 - Poll for gr.iti.mklab.framework.feeds.KeywordsFeed@6f12fe01
2015-04-17 13:58:55 INFO  TwitterRetriever:178 - Query String: { "0" : "snowden"}
2015-04-17 13:58:56 INFO  Stream:110 - Retrieved items for Twitter are : 1
2015-04-17 14:13:57 INFO  StreamsMonitor:162 - Submit new task in Twitter
2015-04-17 14:13:57 INFO  StreamFetchTask:132 - Poll for gr.iti.mklab.framework.feeds.KeywordsFeed@6f12fe01
2015-04-17 14:13:57 INFO  TwitterRetriever:178 - Query String: { "0" : "snowden"}
2015-04-17 14:13:58 INFO  Stream:110 - Retrieved items for Twitter are : 1
2015-04-17 14:28:59 INFO  StreamsMonitor:162 - Submit new task in Twitter
2015-04-17 14:28:59 INFO  StreamFetchTask:132 - Poll for gr.iti.mklab.framework.feeds.KeywordsFeed@6f12fe01
2015-04-17 14:28:59 INFO  TwitterRetriever:178 - Query String: { "0" : "snowden"}
2015-04-17 14:29:01 INFO  Stream:110 - Retrieved items for Twitter are : 1
2015-04-17 14:44:01 INFO  StreamsMonitor:162 - Submit new task in Twitter
2015-04-17 14:44:01 INFO  StreamFetchTask:132 - Poll for gr.iti.mklab.framework.feeds.KeywordsFeed@6f12fe01
2015-04-17 14:44:01 INFO  TwitterRetriever:178 - Query String: { "0" : "snowden"}
2015-04-17 14:44:02 INFO  Stream:110 - Retrieved items for Twitter are : 1
2015-04-17 14:48:11 INFO  StreamsManager:83 - StreamsManager is open now.
2015-04-17 14:48:11 INFO  StreamsMonitor:37 - Initialize Execution Service with 1 threads.
2015-04-17 14:48:11 INFO  MongoDbStorage:53 - Open MongoDB storage <host: 127.0.0.1>
2015-04-17 14:48:12 ERROR MongoDbStorage:60 - MongoDB Storage failed to open!
2015-04-17 14:48:12 INFO  StreamsManager:97 - Storage Manager is ready to store.
2015-04-17 14:48:12 INFO  StreamsManager:117 - Start Stream : Twitter
2015-04-17 14:48:12 INFO  TwitterStream:29 - #Twitter : Open stream
2015-04-17 14:48:12 INFO  TwitterStream:47 - Initialize Twitter Retriever for REST api
2015-04-17 14:48:12 INFO  StreamsMonitor:66 - Start Twitter Fetch Task
2015-04-17 14:48:12 INFO  StreamsManager:224 - Remove 0 feeds
2015-04-17 14:48:12 INFO  StreamsManager:238 - Add 1 new feeds
2015-04-17 14:48:14 INFO  StreamsMonitor:162 - Submit new task in Twitter
2015-04-17 14:48:14 INFO  StreamFetchTask:132 - Poll for gr.iti.mklab.framework.feeds.KeywordsFeed@6f12fe01
2015-04-17 14:48:14 INFO  TwitterRetriever:178 - Query String: { "0" : "snowden"}
2015-04-17 14:48:16 INFO  StreamsMonitor:167 - Twitter is running
2015-04-17 14:48:18 INFO  StreamsMonitor:167 - Twitter is running
2015-04-17 14:48:20 INFO  StreamsMonitor:167 - Twitter is running
2015-04-17 14:48:22 INFO  StreamsMonitor:167 - Twitter is running
2015-04-17 14:48:24 INFO  StreamsMonitor:167 - Twitter is running
2015-04-17 14:48:26 INFO  StreamsMonitor:167 - Twitter is running
2015-04-17 14:48:27 INFO  Stream:110 - Retrieved items for Twitter are : 795
2015-04-17 14:53:14 INFO  StreamsManager:83 - StreamsManager is open now.
2015-04-17 14:53:14 INFO  StreamsMonitor:37 - Initialize Execution Service with 1 threads.
2015-04-17 14:53:14 INFO  MongoDbStorage:53 - Open MongoDB storage <host: 127.0.0.1>
2015-04-17 14:53:15 ERROR MongoDbStorage:60 - MongoDB Storage failed to open!
2015-04-17 14:53:15 INFO  StreamsManager:97 - Storage Manager is ready to store.
2015-04-17 14:53:15 INFO  StreamsManager:117 - Start Stream : Twitter
2015-04-17 14:53:15 INFO  TwitterStream:29 - #Twitter : Open stream
2015-04-17 14:53:15 INFO  TwitterStream:47 - Initialize Twitter Retriever for REST api
2015-04-17 14:53:15 INFO  StreamsMonitor:66 - Start Twitter Fetch Task
2015-04-17 14:53:15 INFO  StreamsManager:224 - Remove 0 feeds
2015-04-17 14:53:15 INFO  StreamsManager:238 - Add 1 new feeds
2015-04-17 14:53:17 INFO  StreamsMonitor:162 - Submit new task in Twitter
2015-04-17 14:53:17 INFO  StreamFetchTask:132 - Poll for gr.iti.mklab.framework.feeds.KeywordsFeed@6f12fe01
2015-04-17 14:53:17 INFO  TwitterRetriever:178 - Query String: { "0" : "snowden"}
2015-04-17 14:53:19 INFO  StreamsMonitor:167 - Twitter is running
2015-04-17 14:53:21 INFO  StreamsMonitor:167 - Twitter is running
2015-04-17 14:53:23 INFO  StreamsMonitor:167 - Twitter is running
2015-04-17 14:54:19 INFO  StreamsManager:83 - StreamsManager is open now.
2015-04-17 14:54:19 INFO  StreamsMonitor:37 - Initialize Execution Service with 1 threads.
2015-04-17 14:54:20 INFO  MongoDbStorage:53 - Open MongoDB storage <host: 127.0.0.1>
2015-04-17 14:59:03 INFO  StreamsMonitor:162 - Submit new task in Twitter
2015-04-17 14:59:03 INFO  StreamFetchTask:132 - Poll for gr.iti.mklab.framework.feeds.KeywordsFeed@6f12fe01
2015-04-17 14:59:03 INFO  TwitterRetriever:178 - Query String: { "0" : "snowden"}
2015-04-17 14:59:04 INFO  Stream:110 - Retrieved items for Twitter are : 2
2015-04-17 15:03:28 INFO  StreamsMonitor:162 - Submit new task in Twitter
2015-04-17 15:03:28 INFO  StreamFetchTask:132 - Poll for gr.iti.mklab.framework.feeds.KeywordsFeed@6f12fe01
2015-04-17 15:03:28 INFO  TwitterRetriever:178 - Query String: { "0" : "snowden"}
2015-04-17 15:03:30 INFO  Stream:110 - Retrieved items for Twitter are : 2
2015-04-17 15:14:05 INFO  StreamsMonitor:162 - Submit new task in Twitter
2015-04-17 15:14:05 INFO  StreamFetchTask:132 - Poll for gr.iti.mklab.framework.feeds.KeywordsFeed@6f12fe01
2015-04-17 15:14:05 INFO  TwitterRetriever:178 - Query String: { "0" : "snowden"}
2015-04-17 15:14:07 INFO  Stream:110 - Retrieved items for Twitter are : 1
2015-04-20 11:42:59 INFO  StreamsManager:83 - StreamsManager is open now.
2015-04-20 11:42:59 INFO  StreamsMonitor:36 - Initialize Execution Service with 1 threads.
2015-04-20 11:42:59 ERROR StorageHandler:55 - Error during storage handler initialization: Error during storage initialization
2015-04-20 11:42:59 INFO  StreamsManager:97 - Storage Manager is ready to store.
2015-04-20 11:42:59 INFO  StreamsManager:117 - Start Stream : Twitter
2015-04-20 11:42:59 INFO  TwitterStream:30 - #Twitter : Open stream
2015-04-20 11:42:59 INFO  TwitterStream:48 - Initialize Twitter Retriever for REST api
2015-04-20 11:42:59 INFO  StreamsMonitor:65 - Start Twitter Fetch Task
2015-04-20 11:42:59 INFO  StreamsManager:224 - Remove 0 feeds
2015-04-20 11:42:59 INFO  StreamsManager:238 - Add 1 new feeds
2015-04-20 11:43:01 INFO  StreamsMonitor:161 - Submit new task in Twitter
2015-04-20 11:43:01 INFO  StreamFetchTask:132 - Poll for gr.iti.mklab.sm.feeds.Feed@6f12fe01
2015-04-20 11:43:01 INFO  Stream:111 - Retrieved items for Twitter are : 0
2015-04-20 11:45:20 INFO  StreamsManager:83 - StreamsManager is open now.
2015-04-20 11:45:20 INFO  StreamsMonitor:36 - Initialize Execution Service with 1 threads.
2015-04-20 11:45:20 ERROR StorageHandler:55 - Error during storage handler initialization: Error during storage initialization
2015-04-20 11:45:20 INFO  StreamsManager:97 - Storage Manager is ready to store.
2015-04-20 11:45:20 INFO  StreamsManager:117 - Start Stream : Twitter
2015-04-20 11:45:20 INFO  TwitterStream:30 - #Twitter : Open stream
2015-04-20 11:45:20 INFO  TwitterStream:48 - Initialize Twitter Retriever for REST api
2015-04-20 11:45:20 INFO  StreamsMonitor:65 - Start Twitter Fetch Task
2015-04-20 11:45:20 INFO  StreamsManager:224 - Remove 0 feeds
2015-04-20 11:45:20 INFO  StreamsManager:238 - Add 1 new feeds
2015-04-20 11:45:22 INFO  StreamsMonitor:161 - Submit new task in Twitter
2015-04-20 11:45:22 INFO  StreamFetchTask:132 - Poll for gr.iti.mklab.sm.feeds.KeywordsFeed@6f12fe01
2015-04-20 11:45:22 INFO  TwitterRetriever:178 - Query String: { "0" : "snowden"}
2015-04-20 11:45:24 INFO  StreamsMonitor:166 - Twitter is running
2015-04-20 11:45:26 INFO  StreamsMonitor:166 - Twitter is running
2015-04-20 11:45:28 INFO  StreamsMonitor:166 - Twitter is running
2015-04-20 11:45:30 INFO  StreamsMonitor:166 - Twitter is running
2015-04-20 11:45:32 INFO  StreamsMonitor:166 - Twitter is running
2015-04-20 11:45:34 INFO  StreamsMonitor:166 - Twitter is running
2015-04-20 11:45:36 INFO  StreamsMonitor:166 - Twitter is running
2015-04-20 11:45:37 INFO  Stream:111 - Retrieved items for Twitter are : 791
2015-04-20 11:45:59 INFO  StreamsManager:83 - StreamsManager is open now.
2015-04-20 11:45:59 INFO  StreamsMonitor:36 - Initialize Execution Service with 1 threads.
2015-04-20 11:45:59 ERROR StorageHandler:55 - Error during storage handler initialization: Error during storage initialization
2015-04-20 11:45:59 INFO  StreamsManager:97 - Storage Manager is ready to store.
2015-04-20 11:45:59 INFO  StreamsManager:117 - Start Stream : Twitter
2015-04-20 11:45:59 INFO  TwitterStream:30 - #Twitter : Open stream
2015-04-20 11:45:59 INFO  TwitterStream:48 - Initialize Twitter Retriever for REST api
2015-04-20 11:45:59 INFO  StreamsMonitor:65 - Start Twitter Fetch Task
2015-04-20 11:45:59 INFO  StreamsManager:224 - Remove 0 feeds
2015-04-20 11:45:59 INFO  StreamsManager:238 - Add 1 new feeds
2015-04-20 11:46:01 INFO  StreamsMonitor:161 - Submit new task in Twitter
2015-04-20 11:46:01 INFO  StreamFetchTask:132 - Poll for gr.iti.mklab.sm.feeds.KeywordsFeed@6f12fe01
2015-04-20 11:46:01 INFO  TwitterRetriever:178 - Query String: { "0" : "snowden"}
2015-04-20 11:46:03 INFO  StreamsMonitor:166 - Twitter is running
2015-04-20 11:46:05 INFO  StreamsMonitor:166 - Twitter is running
2015-04-20 11:46:06 INFO  Stream:111 - Retrieved items for Twitter are : 791
2015-04-20 11:49:03 INFO  StreamsManager:83 - StreamsManager is open now.
2015-04-20 11:49:03 INFO  StreamsMonitor:36 - Initialize Execution Service with 1 threads.
2015-04-20 11:49:03 ERROR StorageHandler:55 - Error during storage handler initialization: Error during storage initialization
2015-04-20 11:49:03 INFO  StreamsManager:97 - Storage Manager is ready to store.
2015-04-20 11:49:03 INFO  StreamsManager:117 - Start Stream : Twitter
2015-04-20 11:49:03 INFO  TwitterStream:30 - #Twitter : Open stream
2015-04-20 11:49:03 INFO  TwitterStream:48 - Initialize Twitter Retriever for REST api
2015-04-20 11:49:03 INFO  StreamsMonitor:65 - Start Twitter Fetch Task
2015-04-20 11:49:03 INFO  StreamsManager:224 - Remove 0 feeds
2015-04-20 11:49:03 INFO  StreamsManager:238 - Add 1 new feeds
2015-04-20 11:49:05 INFO  StreamsMonitor:161 - Submit new task in Twitter
2015-04-20 11:49:05 INFO  StreamFetchTask:132 - Poll for gr.iti.mklab.sm.feeds.KeywordsFeed@6f12fe01
2015-04-20 11:49:05 INFO  TwitterRetriever:178 - Query String: { "0" : "obama"}
2015-04-20 11:49:07 INFO  StreamsMonitor:166 - Twitter is running
2015-04-20 11:49:09 INFO  StreamsMonitor:166 - Twitter is running
2015-04-20 11:49:11 INFO  StreamsMonitor:166 - Twitter is running
2015-04-20 11:49:13 INFO  StreamsMonitor:166 - Twitter is running
2015-04-20 11:49:15 INFO  StreamsMonitor:166 - Twitter is running
2015-04-20 11:49:17 INFO  StreamsMonitor:166 - Twitter is running
2015-04-20 11:49:19 INFO  StreamsMonitor:166 - Twitter is running
2015-04-20 11:49:21 INFO  StreamsMonitor:166 - Twitter is running
2015-04-20 11:49:23 INFO  StreamsMonitor:166 - Twitter is running
2015-04-20 11:49:25 INFO  StreamsMonitor:166 - Twitter is running
2015-04-20 11:49:27 INFO  StreamsMonitor:166 - Twitter is running
2015-04-20 11:49:29 INFO  StreamsMonitor:166 - Twitter is running
2015-04-20 11:49:31 INFO  StreamsMonitor:166 - Twitter is running
2015-04-20 11:49:33 INFO  StreamsMonitor:166 - Twitter is running
2015-04-20 11:49:35 INFO  StreamsMonitor:166 - Twitter is running
2015-04-20 11:49:37 INFO  StreamsMonitor:166 - Twitter is running
2015-04-20 11:49:39 INFO  StreamsMonitor:166 - Twitter is running
2015-04-20 11:49:41 INFO  StreamsMonitor:166 - Twitter is running
2015-04-20 11:49:43 INFO  StreamsMonitor:166 - Twitter is running
2015-04-20 11:49:45 INFO  StreamsMonitor:166 - Twitter is running
2015-04-20 11:49:47 INFO  StreamsMonitor:166 - Twitter is running
2015-04-20 11:49:49 INFO  StreamsMonitor:166 - Twitter is running
2015-04-20 11:49:51 INFO  StreamsMonitor:166 - Twitter is running
2015-04-20 11:49:53 INFO  StreamsMonitor:166 - Twitter is running
2015-04-20 11:49:55 INFO  StreamsMonitor:166 - Twitter is running
2015-04-20 11:49:57 INFO  StreamsMonitor:166 - Twitter is running
2015-04-20 11:49:59 INFO  StreamsMonitor:166 - Twitter is running
2015-04-20 11:50:01 INFO  StreamsMonitor:166 - Twitter is running
2015-04-20 11:50:03 INFO  StreamsMonitor:166 - Twitter is running
2015-04-20 11:50:05 INFO  StreamsMonitor:166 - Twitter is running
2015-04-20 11:50:07 INFO  StreamsMonitor:166 - Twitter is running
2015-04-20 11:50:09 INFO  StreamsMonitor:166 - Twitter is running
2015-04-20 11:50:11 INFO  StreamsMonitor:166 - Twitter is running
2015-04-20 11:50:13 INFO  StreamsMonitor:166 - Twitter is running
2015-04-20 11:50:15 INFO  StreamsMonitor:166 - Twitter is running
2015-04-20 11:50:17 INFO  StreamsMonitor:166 - Twitter is running
2015-04-20 11:50:19 INFO  StreamsMonitor:166 - Twitter is running
2015-04-20 11:50:21 INFO  StreamsMonitor:166 - Twitter is running
2015-04-20 11:50:23 INFO  StreamsMonitor:166 - Twitter is running
2015-04-20 11:50:25 INFO  StreamsMonitor:166 - Twitter is running
2015-04-20 11:50:27 INFO  StreamsMonitor:166 - Twitter is running
2015-04-20 11:50:29 INFO  StreamsMonitor:166 - Twitter is running
2015-04-20 11:50:31 INFO  StreamsMonitor:166 - Twitter is running
2015-04-20 11:50:33 INFO  StreamsMonitor:166 - Twitter is running
2015-04-20 11:50:35 INFO  StreamsMonitor:166 - Twitter is running
2015-04-20 11:50:37 INFO  StreamsMonitor:166 - Twitter is running
2015-04-20 11:50:39 INFO  StreamsMonitor:166 - Twitter is running
2015-04-20 11:50:41 INFO  StreamsMonitor:166 - Twitter is running
2015-04-20 11:50:43 INFO  StreamsMonitor:166 - Twitter is running
2015-04-20 11:50:45 INFO  StreamsMonitor:166 - Twitter is running
2015-04-20 11:50:47 INFO  StreamsMonitor:166 - Twitter is running
2015-04-20 11:50:49 INFO  StreamsMonitor:166 - Twitter is running
2015-04-20 11:50:51 INFO  StreamsMonitor:166 - Twitter is running
2015-04-20 11:50:53 INFO  StreamsMonitor:166 - Twitter is running
2015-04-20 11:50:55 INFO  StreamsMonitor:166 - Twitter is running
2015-04-20 11:50:57 INFO  StreamsMonitor:166 - Twitter is running
2015-04-20 11:50:59 INFO  StreamsMonitor:166 - Twitter is running
2015-04-20 11:51:01 INFO  StreamsMonitor:166 - Twitter is running
2015-04-20 11:51:03 INFO  StreamsMonitor:166 - Twitter is running
2015-04-20 11:51:05 INFO  StreamsMonitor:166 - Twitter is running
2015-04-20 11:51:07 INFO  Stream:111 - Retrieved items for Twitter are : 10143
2015-04-20 11:52:42 INFO  StreamsManager:83 - StreamsManager is open now.
2015-04-20 11:52:42 INFO  StreamsMonitor:36 - Initialize Execution Service with 1 threads.
2015-04-20 11:52:42 ERROR StorageHandler:55 - Error during storage handler initialization: Error during storage initialization
2015-04-20 11:52:42 INFO  StreamsManager:97 - Storage Manager is ready to store.
2015-04-20 11:52:42 INFO  StreamsManager:117 - Start Stream : Twitter
2015-04-20 11:52:42 INFO  TwitterStream:30 - #Twitter : Open stream
2015-04-20 11:52:42 INFO  TwitterStream:48 - Initialize Twitter Retriever for REST api
2015-04-20 11:52:42 INFO  StreamsMonitor:65 - Start Twitter Fetch Task
2015-04-20 11:52:42 INFO  StreamsManager:224 - Remove 0 feeds
2015-04-20 11:52:42 INFO  StreamsManager:238 - Add 1 new feeds
2015-04-20 11:52:44 INFO  StreamsMonitor:161 - Submit new task in Twitter
2015-04-20 11:52:44 INFO  StreamFetchTask:132 - Poll for gr.iti.mklab.sm.feeds.KeywordsFeed@6f12fe01
2015-04-20 11:52:44 INFO  TwitterRetriever:178 - Query String: { "0" : "snowden"}
2015-04-20 11:52:46 INFO  StreamsMonitor:166 - Twitter is running
2015-04-20 11:52:48 INFO  StreamsMonitor:166 - Twitter is running
2015-04-20 11:52:50 INFO  StreamsMonitor:166 - Twitter is running
2015-04-20 11:52:51 INFO  Stream:111 - Retrieved items for Twitter are : 791
2015-04-20 12:07:49 INFO  StreamsManager:83 - StreamsManager is open now.
2015-04-20 12:07:49 INFO  StreamsMonitor:36 - Initialize Execution Service with 1 threads.
2015-04-20 12:07:49 INFO  MongoDbStorage:53 - Open MongoDB storage <host: 127.0.0.1>
2015-04-20 12:07:50 INFO  StreamsManager:97 - Storage Manager is ready to store.
2015-04-20 12:07:50 INFO  StreamsManager:117 - Start Stream : Twitter
2015-04-20 12:07:50 INFO  TwitterStream:30 - #Twitter : Open stream
2015-04-20 12:07:50 INFO  TwitterStream:48 - Initialize Twitter Retriever for REST api
2015-04-20 12:07:50 INFO  StreamsMonitor:65 - Start Twitter Fetch Task
2015-04-20 12:07:50 INFO  StreamsManager:224 - Remove 0 feeds
2015-04-20 12:07:50 INFO  StreamsManager:238 - Add 1 new feeds
2015-04-20 12:07:52 INFO  StreamsMonitor:161 - Submit new task in Twitter
2015-04-20 12:07:52 INFO  StreamFetchTask:132 - Poll for gr.iti.mklab.sm.feeds.KeywordsFeed@6f12fe01
2015-04-20 12:07:52 INFO  TwitterRetriever:178 - Query String: { "0" : "snowden"}
2015-04-20 12:07:54 INFO  StreamsMonitor:166 - Twitter is running
2015-04-20 12:07:56 INFO  StreamsMonitor:166 - Twitter is running
2015-04-20 12:07:58 INFO  StreamsMonitor:166 - Twitter is running
2015-04-20 12:08:00 INFO  Stream:111 - Retrieved items for Twitter are : 791
2015-04-20 12:08:47 INFO  StreamsManager:83 - StreamsManager is open now.
2015-04-20 12:08:47 INFO  StreamsMonitor:36 - Initialize Execution Service with 1 threads.
2015-04-20 12:08:47 INFO  MongoDbStorage:53 - Open MongoDB storage <host: 127.0.0.1>
2015-04-20 12:08:48 INFO  StreamsManager:97 - Storage Manager is ready to store.
2015-04-20 12:08:48 INFO  StreamsManager:117 - Start Stream : Twitter
2015-04-20 12:08:48 INFO  TwitterStream:30 - #Twitter : Open stream
2015-04-20 12:08:48 INFO  TwitterStream:48 - Initialize Twitter Retriever for REST api
2015-04-20 12:08:48 INFO  StreamsMonitor:65 - Start Twitter Fetch Task
2015-04-20 12:08:48 INFO  StreamsManager:224 - Remove 0 feeds
2015-04-20 12:08:48 INFO  StreamsManager:238 - Add 1 new feeds
2015-04-20 12:08:50 INFO  StreamsMonitor:161 - Submit new task in Twitter
2015-04-20 12:08:50 INFO  StreamFetchTask:132 - Poll for gr.iti.mklab.sm.feeds.KeywordsFeed@6f12fe01
2015-04-20 12:08:50 INFO  TwitterRetriever:178 - Query String: { "0" : "snowden"}
2015-04-20 12:08:52 INFO  StreamsMonitor:166 - Twitter is running
2015-04-20 12:08:54 INFO  StreamsMonitor:166 - Twitter is running
2015-04-20 12:08:56 INFO  Stream:111 - Retrieved items for Twitter are : 791
2015-04-20 15:19:12 INFO  StreamsManager:83 - StreamsManager is open now.
2015-04-20 15:19:12 INFO  StreamsMonitor:36 - Initialize Execution Service with 2 threads.
2015-04-20 15:19:12 INFO  MongoDbStorage:53 - Open MongoDB storage <host: 127.0.0.1>
2015-04-20 15:19:12 INFO  StreamsManager:97 - Storage Manager is ready to store.
2015-04-21 11:04:00 ERROR VisualIndexHandler:340 - Indexing failed: {"code":400,"msg":"collection feeds_test8 does not exists"}
2015-04-21 11:04:01 ERROR VisualIndexHandler:340 - Indexing failed: {"code":400,"msg":"collection feeds_test8 does not exists"}
2015-04-21 11:04:01 ERROR VisualIndexHandler:340 - Indexing failed: {"code":400,"msg":"collection feeds_test8 does not exists"}
2015-04-21 11:04:01 ERROR VisualIndexHandler:340 - Indexing failed: {"code":400,"msg":"collection feeds_test8 does not exists"}
2015-04-21 11:04:02 ERROR VisualIndexHandler:340 - Indexing failed: {"code":400,"msg":"collection feeds_test8 does not exists"}
2015-04-21 11:04:02 ERROR VisualIndexHandler:340 - Indexing failed: {"code":400,"msg":"collection feeds_test8 does not exists"}
2015-04-21 11:04:02 ERROR VisualIndexHandler:340 - Indexing failed: {"code":400,"msg":"collection feeds_test8 does not exists"}
2015-04-21 11:04:02 ERROR VisualIndexHandler:340 - Indexing failed: {"code":400,"msg":"collection feeds_test8 does not exists"}
2015-04-21 11:04:02 ERROR VisualIndexHandler:340 - Indexing failed: {"code":400,"msg":"collection feeds_test8 does not exists"}
2015-04-21 11:04:03 ERROR VisualIndexHandler:340 - Indexing failed: {"code":400,"msg":"collection feeds_test8 does not exists"}
2015-04-21 11:04:03 ERROR VisualIndexHandler:340 - Indexing failed: {"code":400,"msg":"collection feeds_test8 does not exists"}
2015-04-21 11:04:03 ERROR VisualIndexHandler:340 - Indexing failed: {"code":400,"msg":"collection feeds_test8 does not exists"}
2015-04-21 11:04:04 ERROR VisualIndexHandler:340 - Indexing failed: {"code":400,"msg":"collection feeds_test8 does not exists"}
2015-04-21 11:04:04 ERROR VisualIndexHandler:340 - Indexing failed: {"code":400,"msg":"collection feeds_test8 does not exists"}
2015-04-21 11:04:04 ERROR VisualIndexHandler:340 - Indexing failed: {"code":400,"msg":"collection feeds_test8 does not exists"}
2015-04-21 11:04:04 ERROR VisualIndexHandler:340 - Indexing failed: {"code":400,"msg":"collection feeds_test8 does not exists"}
2015-04-21 11:04:05 ERROR VisualIndexHandler:340 - Indexing failed: {"code":400,"msg":"collection feeds_test8 does not exists"}
2015-04-21 11:04:05 ERROR VisualIndexHandler:340 - Indexing failed: {"code":400,"msg":"collection feeds_test8 does not exists"}
2015-04-21 11:04:05 ERROR VisualIndexHandler:340 - Indexing failed: {"code":400,"msg":"collection feeds_test8 does not exists"}
2015-04-21 11:15:39 INFO  RetryExec:96 - I/O exception (org.apache.http.NoHttpResponseException) caught when processing request to {}->http://pbs.twimg.com:80: The target server failed to respond
2015-04-21 11:15:39 INFO  RetryExec:112 - Retrying request to {}->http://pbs.twimg.com:80
2015-04-21 11:16:08 INFO  RetryExec:96 - I/O exception (org.apache.http.NoHttpResponseException) caught when processing request to {}->http://pbs.twimg.com:80: The target server failed to respond
2015-04-21 11:16:08 INFO  RetryExec:112 - Retrying request to {}->http://pbs.twimg.com:80
2015-04-21 11:16:49 INFO  RetryExec:96 - I/O exception (org.apache.http.NoHttpResponseException) caught when processing request to {}->http://pbs.twimg.com:80: The target server failed to respond
2015-04-21 11:16:49 INFO  RetryExec:112 - Retrying request to {}->http://pbs.twimg.com:80
2015-04-21 11:17:12 INFO  RetryExec:96 - I/O exception (org.apache.http.NoHttpResponseException) caught when processing request to {}->http://pbs.twimg.com:80: The target server failed to respond
2015-04-21 11:17:12 INFO  RetryExec:112 - Retrying request to {}->http://pbs.twimg.com:80
2015-04-21 11:35:26 INFO  StreamsManager:72 - StreamsManager is open now.
2015-04-21 11:35:26 INFO  StreamsMonitor:36 - Initialize Execution Service with 2 threads.
2015-04-21 11:35:26 INFO  MongoDbStorage:53 - Open MongoDB storage <host: 127.0.0.1>
2015-04-21 11:35:28 INFO  StreamsManager:85 - Storage Manager is ready to store.
2015-04-21 11:35:28 INFO  StreamsManager:118 - Start Stream : Youtube
2015-04-21 11:35:28 INFO  YoutubeStream:37 - #YouTube : Open stream
2015-04-21 11:35:28 INFO  StreamsMonitor:65 - Start YouTube Fetch Task
2015-04-21 11:35:28 INFO  StreamsManager:118 - Start Stream : Twitter
2015-04-21 11:35:28 INFO  TwitterStream:30 - #Twitter : Open stream
2015-04-21 11:35:28 INFO  TwitterStream:48 - Initialize Twitter Retriever for REST api
2015-04-21 11:35:28 INFO  StreamsMonitor:65 - Start Twitter Fetch Task
2015-04-21 11:35:30 INFO  StreamsMonitor:161 - Submit new task in Twitter
2015-04-21 11:35:30 INFO  StreamFetchTask:132 - Poll for gr.iti.mklab.sm.feeds.KeywordsFeed@6f12fe01
2015-04-21 11:35:30 INFO  TwitterRetriever:178 - Query String: assange OR snowden
2015-04-21 11:35:32 INFO  StreamsMonitor:166 - Twitter is running
2015-04-21 11:35:34 INFO  StreamsMonitor:166 - Twitter is running
2015-04-21 11:35:36 INFO  StreamsMonitor:166 - Twitter is running
2015-04-21 11:35:38 INFO  StreamsMonitor:166 - Twitter is running
2015-04-21 11:35:40 INFO  StreamsMonitor:166 - Twitter is running
2015-04-21 11:35:42 INFO  StreamsMonitor:166 - Twitter is running
2015-04-21 11:35:44 INFO  StreamsMonitor:166 - Twitter is running
2015-04-21 11:35:46 INFO  StreamsMonitor:166 - Twitter is running
2015-04-21 11:35:48 INFO  StreamsMonitor:166 - Twitter is running
2015-04-21 11:35:50 INFO  StreamsMonitor:166 - Twitter is running
2015-04-21 11:35:52 INFO  StreamsMonitor:166 - Twitter is running
2015-04-21 11:35:54 INFO  StreamsMonitor:166 - Twitter is running
2015-04-21 11:35:56 INFO  StreamsMonitor:166 - Twitter is running
2015-04-21 11:35:58 INFO  StreamsMonitor:166 - Twitter is running
2015-04-21 11:36:00 INFO  StreamsMonitor:166 - Twitter is running
2015-04-21 11:36:02 INFO  StreamsMonitor:166 - Twitter is running
2015-04-21 11:36:04 INFO  StreamsMonitor:166 - Twitter is running
2015-04-21 11:36:06 INFO  StreamsMonitor:166 - Twitter is running
2015-04-21 11:36:08 INFO  StreamsMonitor:166 - Twitter is running
2015-04-21 11:36:10 INFO  StreamsMonitor:166 - Twitter is running
2015-04-21 11:36:12 INFO  StreamsMonitor:166 - Twitter is running
2015-04-21 11:36:14 INFO  StreamsMonitor:166 - Twitter is running
2015-04-21 11:36:16 INFO  StreamsMonitor:166 - Twitter is running
2015-04-21 11:36:18 INFO  StreamsMonitor:166 - Twitter is running
2015-04-21 11:36:20 INFO  StreamsMonitor:166 - Twitter is running
2015-04-21 11:36:22 INFO  StreamsMonitor:166 - Twitter is running
2015-04-21 11:36:24 INFO  StreamsMonitor:166 - Twitter is running
2015-04-21 11:36:26 INFO  StreamsMonitor:166 - Twitter is running
2015-04-21 11:36:28 INFO  StreamsMonitor:166 - Twitter is running
2015-04-21 11:36:30 INFO  StreamsMonitor:166 - Twitter is running
2015-04-21 11:36:32 INFO  StreamsMonitor:166 - Twitter is running
2015-04-21 11:36:34 INFO  StreamsMonitor:166 - Twitter is running
2015-04-21 11:36:36 INFO  StreamsMonitor:166 - Twitter is running
2015-04-21 11:36:38 INFO  StreamsMonitor:166 - Twitter is running
2015-04-21 11:36:40 INFO  StreamsMonitor:166 - Twitter is running
2015-04-21 11:36:42 INFO  StreamsMonitor:166 - Twitter is running
2015-04-21 11:36:44 INFO  StreamsMonitor:166 - Twitter is running
2015-04-21 11:36:46 INFO  StreamsMonitor:166 - Twitter is running
2015-04-21 11:36:48 INFO  StreamsMonitor:166 - Twitter is running
2015-04-21 11:36:50 INFO  StreamsMonitor:166 - Twitter is running
2015-04-21 11:36:52 INFO  StreamsMonitor:166 - Twitter is running
2015-04-21 11:36:54 INFO  StreamsMonitor:166 - Twitter is running
2015-04-21 11:36:56 INFO  StreamsMonitor:166 - Twitter is running
2015-04-21 11:36:58 INFO  StreamsMonitor:166 - Twitter is running
2015-04-21 11:37:00 INFO  StreamsMonitor:166 - Twitter is running
2015-04-21 11:37:02 INFO  StreamsMonitor:166 - Twitter is running
2015-04-21 11:37:04 INFO  StreamsMonitor:166 - Twitter is running
2015-04-21 11:37:06 INFO  StreamsMonitor:166 - Twitter is running
2015-04-21 11:37:08 INFO  StreamsMonitor:166 - Twitter is running
2015-04-21 11:37:10 INFO  StreamsMonitor:166 - Twitter is running
2015-04-21 11:37:12 INFO  StreamsMonitor:166 - Twitter is running
2015-04-21 11:37:14 INFO  StreamsMonitor:166 - Twitter is running
2015-04-21 11:37:16 INFO  StreamsMonitor:166 - Twitter is running
2015-04-21 11:37:18 INFO  StreamsMonitor:166 - Twitter is running
2015-04-21 11:37:20 INFO  StreamsMonitor:166 - Twitter is running
2015-04-21 11:37:22 INFO  StreamsMonitor:166 - Twitter is running
2015-04-21 11:37:24 INFO  StreamsMonitor:166 - Twitter is running
2015-04-21 11:37:26 INFO  StreamsMonitor:166 - Twitter is running
2015-04-21 11:37:28 INFO  StreamsMonitor:166 - Twitter is running
2015-04-21 11:37:30 INFO  StreamsMonitor:166 - Twitter is running
2015-04-21 11:37:32 INFO  StreamsMonitor:166 - Twitter is running
2015-04-21 11:37:34 INFO  StreamsMonitor:166 - Twitter is running
2015-04-21 11:37:36 INFO  StreamsMonitor:166 - Twitter is running
2015-04-21 11:37:38 INFO  StreamsMonitor:166 - Twitter is running
2015-04-21 11:37:40 INFO  StreamsMonitor:166 - Twitter is running
2015-04-21 11:37:42 INFO  StreamsMonitor:166 - Twitter is running
2015-04-21 11:37:44 INFO  StreamsMonitor:166 - Twitter is running
2015-04-21 11:37:46 INFO  StreamsMonitor:166 - Twitter is running
2015-04-21 11:37:48 INFO  StreamsMonitor:166 - Twitter is running
2015-04-21 11:37:50 INFO  StreamsMonitor:166 - Twitter is running
2015-04-21 11:37:52 INFO  StreamsMonitor:166 - Twitter is running
2015-04-21 11:37:54 INFO  StreamsMonitor:166 - Twitter is running
2015-04-21 11:37:56 INFO  StreamsMonitor:166 - Twitter is running
2015-04-21 11:37:58 INFO  StreamsMonitor:166 - Twitter is running
2015-04-21 11:38:00 INFO  StreamsMonitor:166 - Twitter is running
2015-04-21 11:38:02 INFO  StreamsMonitor:166 - Twitter is running
2015-04-21 11:38:04 INFO  StreamsMonitor:166 - Twitter is running
2015-04-21 11:38:06 INFO  StreamsMonitor:166 - Twitter is running
2015-04-21 11:38:08 INFO  StreamsMonitor:166 - Twitter is running
2015-04-21 11:38:10 INFO  StreamsMonitor:166 - Twitter is running
2015-04-21 11:38:12 INFO  StreamsMonitor:166 - Twitter is running
2015-04-21 11:38:14 INFO  StreamsMonitor:166 - Twitter is running
2015-04-21 11:38:16 INFO  StreamsMonitor:166 - Twitter is running
2015-04-21 11:38:18 INFO  StreamsMonitor:166 - Twitter is running
2015-04-21 11:38:20 INFO  StreamsMonitor:166 - Twitter is running
2015-04-21 11:38:22 INFO  StreamsMonitor:166 - Twitter is running
2015-04-21 11:38:24 INFO  StreamsMonitor:166 - Twitter is running
2015-04-21 11:38:26 INFO  StreamsMonitor:166 - Twitter is running
2015-04-21 11:38:28 INFO  StreamsMonitor:166 - Twitter is running
2015-04-21 11:38:30 INFO  StreamsMonitor:166 - Twitter is running
2015-04-21 11:38:32 INFO  StreamsMonitor:166 - Twitter is running
2015-04-21 11:38:34 INFO  StreamsMonitor:166 - Twitter is running
2015-04-21 11:38:36 INFO  StreamsMonitor:166 - Twitter is running
2015-04-21 11:38:38 INFO  StreamsMonitor:166 - Twitter is running
2015-04-21 11:38:40 INFO  StreamsMonitor:166 - Twitter is running
2015-04-21 11:38:42 INFO  StreamsMonitor:166 - Twitter is running
2015-04-21 11:38:44 INFO  StreamsMonitor:166 - Twitter is running
2015-04-21 11:38:46 INFO  StreamsMonitor:166 - Twitter is running
2015-04-21 11:38:48 INFO  StreamsMonitor:166 - Twitter is running
2015-04-21 11:38:50 INFO  StreamsMonitor:166 - Twitter is running
2015-04-21 11:38:52 INFO  StreamsMonitor:166 - Twitter is running
2015-04-21 11:38:54 INFO  StreamsMonitor:166 - Twitter is running
2015-04-21 11:38:56 INFO  StreamsMonitor:166 - Twitter is running
2015-04-21 11:38:58 INFO  StreamsMonitor:166 - Twitter is running
2015-04-21 11:39:00 INFO  StreamsMonitor:166 - Twitter is running
2015-04-21 11:39:02 INFO  StreamsMonitor:166 - Twitter is running
2015-04-21 11:39:04 INFO  StreamsMonitor:166 - Twitter is running
2015-04-21 11:39:06 INFO  StreamsMonitor:166 - Twitter is running
2015-04-21 11:39:08 INFO  StreamsMonitor:166 - Twitter is running
2015-04-21 11:39:10 INFO  StreamsMonitor:166 - Twitter is running
2015-04-21 11:39:12 INFO  StreamsMonitor:166 - Twitter is running
2015-04-21 11:39:14 INFO  StreamsMonitor:166 - Twitter is running
2015-04-21 11:39:16 INFO  StreamsMonitor:166 - Twitter is running
2015-04-21 11:39:18 INFO  StreamsMonitor:166 - Twitter is running
2015-04-21 11:39:20 INFO  StreamsMonitor:166 - Twitter is running
2015-04-21 11:39:22 INFO  StreamsMonitor:166 - Twitter is running
2015-04-21 11:39:24 INFO  StreamsMonitor:166 - Twitter is running
2015-04-21 11:39:26 INFO  StreamsMonitor:166 - Twitter is running
2015-04-21 11:39:28 INFO  StreamsMonitor:166 - Twitter is running
2015-04-21 11:39:30 INFO  StreamsMonitor:166 - Twitter is running
2015-04-21 11:39:32 INFO  StreamsMonitor:166 - Twitter is running
2015-04-21 11:39:34 INFO  StreamsMonitor:166 - Twitter is running
2015-04-21 11:39:36 INFO  StreamsMonitor:166 - Twitter is running
2015-04-21 11:39:38 INFO  StreamsMonitor:166 - Twitter is running
2015-04-21 11:39:40 INFO  StreamsMonitor:166 - Twitter is running
2015-04-21 11:39:42 INFO  StreamsMonitor:166 - Twitter is running
2015-04-21 11:39:44 INFO  StreamsMonitor:166 - Twitter is running
2015-04-21 11:39:47 INFO  StreamsMonitor:166 - Twitter is running
2015-04-21 11:39:49 INFO  StreamsMonitor:166 - Twitter is running
2015-04-21 11:39:51 INFO  StreamsMonitor:166 - Twitter is running
2015-04-21 11:39:53 INFO  StreamsMonitor:166 - Twitter is running
2015-04-21 11:39:55 INFO  StreamsMonitor:166 - Twitter is running
2015-04-21 11:39:57 INFO  StreamsMonitor:166 - Twitter is running
2015-04-21 11:39:59 INFO  StreamsMonitor:166 - Twitter is running
2015-04-21 11:40:01 INFO  StreamsMonitor:166 - Twitter is running
2015-04-21 11:40:03 INFO  StreamsMonitor:166 - Twitter is running
2015-04-21 11:40:05 INFO  StreamsMonitor:166 - Twitter is running
2015-04-21 11:40:07 INFO  StreamsMonitor:166 - Twitter is running
2015-04-21 11:40:09 INFO  StreamsMonitor:166 - Twitter is running
2015-04-21 11:40:11 INFO  StreamsMonitor:166 - Twitter is running
2015-04-21 11:40:13 INFO  StreamsMonitor:166 - Twitter is running
2015-04-21 11:40:15 INFO  StreamsMonitor:166 - Twitter is running
2015-04-21 11:40:17 INFO  StreamsMonitor:166 - Twitter is running
2015-04-21 11:40:19 INFO  StreamsMonitor:166 - Twitter is running
2015-04-21 11:40:21 INFO  StreamsMonitor:166 - Twitter is running
2015-04-21 11:40:23 INFO  StreamsMonitor:166 - Twitter is running
2015-04-21 11:40:25 INFO  StreamsMonitor:166 - Twitter is running
2015-04-21 11:40:27 INFO  StreamsMonitor:166 - Twitter is running
2015-04-21 11:40:29 INFO  StreamsMonitor:166 - Twitter is running
2015-04-21 11:40:31 INFO  StreamsMonitor:166 - Twitter is running
2015-04-21 11:40:33 INFO  StreamsMonitor:166 - Twitter is running
2015-04-21 11:40:35 INFO  StreamsMonitor:166 - Twitter is running
2015-04-21 11:40:37 INFO  StreamsMonitor:166 - Twitter is running
2015-04-21 11:40:39 INFO  StreamsMonitor:166 - Twitter is running
2015-04-21 11:40:41 INFO  StreamsMonitor:166 - Twitter is running
2015-04-21 11:40:43 INFO  StreamsMonitor:166 - Twitter is running
2015-04-21 11:40:45 INFO  StreamsMonitor:166 - Twitter is running
2015-04-21 11:40:47 INFO  StreamsMonitor:166 - Twitter is running
2015-04-21 11:40:49 INFO  StreamsMonitor:166 - Twitter is running
2015-04-21 11:40:51 INFO  StreamsMonitor:166 - Twitter is running
2015-04-21 11:40:53 INFO  StreamsMonitor:166 - Twitter is running
2015-04-21 11:40:55 INFO  StreamsMonitor:166 - Twitter is running
2015-04-21 11:40:57 INFO  StreamsMonitor:166 - Twitter is running
2015-04-21 11:40:59 INFO  StreamsMonitor:166 - Twitter is running
2015-04-21 11:41:01 INFO  StreamsMonitor:166 - Twitter is running
2015-04-21 11:41:03 INFO  StreamsMonitor:166 - Twitter is running
2015-04-21 11:41:05 INFO  StreamsMonitor:166 - Twitter is running
2015-04-21 11:41:07 INFO  StreamsMonitor:166 - Twitter is running
2015-04-21 11:41:09 INFO  StreamsMonitor:166 - Twitter is running
2015-04-21 11:41:11 INFO  StreamsMonitor:166 - Twitter is running
2015-04-21 11:41:13 INFO  StreamsMonitor:166 - Twitter is running
2015-04-21 11:41:15 INFO  StreamsMonitor:166 - Twitter is running
2015-04-21 11:41:17 INFO  StreamsMonitor:166 - Twitter is running
2015-04-21 11:41:19 INFO  StreamsMonitor:166 - Twitter is running
2015-04-21 11:41:21 INFO  StreamsMonitor:166 - Twitter is running
2015-04-21 11:41:23 INFO  StreamsMonitor:166 - Twitter is running
2015-04-21 11:41:25 INFO  StreamsMonitor:166 - Twitter is running
2015-04-21 11:41:27 INFO  StreamsMonitor:166 - Twitter is running
2015-04-21 11:41:29 INFO  StreamsMonitor:166 - Twitter is running
2015-04-21 11:41:31 INFO  StreamsMonitor:166 - Twitter is running
2015-04-21 11:41:32 INFO  Stream:111 - Retrieved items for Twitter are : 18000
2015-04-21 11:57:10 INFO  StreamsManager:76 - StreamsManager is open now.
2015-04-21 11:57:10 INFO  StreamsMonitor:36 - Initialize Execution Service with 2 threads.
2015-04-21 11:57:10 INFO  MongoDbStorage:53 - Open MongoDB storage <host: 127.0.0.1>
2015-04-21 11:57:10 INFO  StreamsManager:89 - Storage Manager is ready to store.
2015-04-21 11:57:10 INFO  StreamsManager:122 - Start Stream : Youtube
2015-04-21 11:57:10 INFO  YoutubeStream:37 - #YouTube : Open stream
2015-04-21 11:57:10 INFO  StreamsMonitor:65 - Start YouTube Fetch Task
2015-04-21 11:57:10 INFO  StreamsManager:122 - Start Stream : Twitter
2015-04-21 11:57:10 INFO  TwitterStream:30 - #Twitter : Open stream
2015-04-21 11:57:10 INFO  TwitterStream:48 - Initialize Twitter Retriever for REST api
2015-04-21 11:57:10 INFO  StreamsMonitor:65 - Start Twitter Fetch Task
2015-04-21 11:57:12 INFO  StreamsMonitor:161 - Submit new task in Twitter
2015-04-21 11:57:12 INFO  StreamFetchTask:132 - Poll for gr.iti.mklab.sm.feeds.KeywordsFeed@6f12fe01
2015-04-21 11:57:12 INFO  TwitterRetriever:178 - Query String: assange OR snowden
2015-04-21 11:57:14 INFO  StreamsMonitor:166 - Twitter is running
2015-04-21 11:57:16 INFO  StreamsMonitor:166 - Twitter is running
2015-04-21 11:57:18 INFO  StreamsMonitor:166 - Twitter is running
2015-04-21 11:57:20 INFO  StreamsMonitor:166 - Twitter is running
2015-04-21 11:57:22 INFO  StreamsMonitor:166 - Twitter is running
2015-04-21 11:57:24 INFO  StreamsMonitor:166 - Twitter is running
2015-04-21 11:57:26 INFO  StreamsMonitor:166 - Twitter is running
2015-04-21 11:57:28 INFO  StreamsMonitor:166 - Twitter is running
2015-04-21 11:57:30 INFO  StreamsMonitor:166 - Twitter is running
2015-04-21 11:57:32 INFO  StreamsMonitor:166 - Twitter is running
2015-04-21 11:57:34 INFO  StreamsMonitor:166 - Twitter is running
2015-04-21 11:57:36 INFO  StreamsMonitor:166 - Twitter is running
2015-04-21 11:57:38 INFO  StreamsMonitor:166 - Twitter is running
2015-04-21 11:57:40 INFO  StreamsMonitor:166 - Twitter is running
2015-04-21 11:57:42 INFO  StreamsMonitor:166 - Twitter is running
2015-04-21 11:57:44 INFO  StreamsMonitor:166 - Twitter is running
2015-04-21 11:57:46 INFO  StreamsMonitor:166 - Twitter is running
2015-04-21 11:57:48 INFO  StreamsMonitor:166 - Twitter is running
2015-04-21 11:57:50 INFO  StreamsMonitor:166 - Twitter is running
2015-04-21 11:57:52 INFO  StreamsMonitor:166 - Twitter is running
2015-04-21 11:57:54 INFO  StreamsMonitor:166 - Twitter is running
2015-04-21 11:57:56 INFO  StreamsMonitor:166 - Twitter is running
2015-04-21 11:57:58 INFO  StreamsMonitor:166 - Twitter is running
2015-04-21 11:58:00 INFO  StreamsMonitor:166 - Twitter is running
2015-04-21 11:58:02 INFO  StreamsMonitor:166 - Twitter is running
2015-04-21 11:58:04 INFO  StreamsMonitor:166 - Twitter is running
2015-04-21 11:58:06 INFO  StreamsMonitor:166 - Twitter is running
2015-04-21 11:58:08 INFO  StreamsMonitor:166 - Twitter is running
2015-04-21 11:58:10 INFO  StreamsMonitor:166 - Twitter is running
2015-04-21 11:58:12 INFO  StreamsMonitor:166 - Twitter is running
2015-04-21 11:58:14 INFO  StreamsMonitor:166 - Twitter is running
2015-04-21 11:58:16 INFO  StreamsMonitor:166 - Twitter is running
2015-04-21 11:58:18 INFO  StreamsMonitor:166 - Twitter is running
2015-04-21 11:58:20 INFO  StreamsMonitor:166 - Twitter is running
2015-04-21 11:58:22 INFO  StreamsMonitor:166 - Twitter is running
2015-04-21 11:58:24 INFO  StreamsMonitor:166 - Twitter is running
2015-04-21 11:58:26 INFO  StreamsMonitor:166 - Twitter is running
2015-04-21 11:58:28 INFO  StreamsMonitor:166 - Twitter is running
2015-04-21 11:58:30 INFO  StreamsMonitor:166 - Twitter is running
2015-04-21 11:58:32 INFO  StreamsMonitor:166 - Twitter is running
2015-04-21 11:58:34 INFO  StreamsMonitor:166 - Twitter is running
2015-04-21 11:58:36 INFO  StreamsMonitor:166 - Twitter is running
2015-04-21 11:58:38 INFO  StreamsMonitor:166 - Twitter is running
2015-04-21 11:58:40 INFO  StreamsMonitor:166 - Twitter is running
2015-04-21 11:58:42 INFO  StreamsMonitor:166 - Twitter is running
2015-04-21 11:58:44 INFO  StreamsMonitor:166 - Twitter is running
2015-04-21 11:58:46 INFO  StreamsMonitor:166 - Twitter is running
2015-04-21 11:58:48 INFO  StreamsMonitor:166 - Twitter is running
2015-04-21 11:58:50 INFO  StreamsMonitor:166 - Twitter is running
2015-04-21 11:58:52 INFO  StreamsMonitor:166 - Twitter is running
2015-04-21 11:58:54 INFO  StreamsMonitor:166 - Twitter is running
2015-04-21 11:58:56 INFO  StreamsMonitor:166 - Twitter is running
2015-04-21 11:58:58 INFO  StreamsMonitor:166 - Twitter is running
2015-04-21 11:59:00 INFO  StreamsMonitor:166 - Twitter is running
2015-04-21 11:59:02 INFO  StreamsMonitor:166 - Twitter is running
2015-04-21 11:59:04 INFO  StreamsMonitor:166 - Twitter is running
2015-04-21 11:59:06 INFO  StreamsMonitor:166 - Twitter is running
2015-04-21 11:59:08 INFO  StreamsMonitor:166 - Twitter is running
2015-04-21 11:59:10 INFO  StreamsMonitor:166 - Twitter is running
2015-04-21 11:59:12 INFO  StreamsMonitor:166 - Twitter is running
2015-04-21 11:59:14 INFO  StreamsMonitor:166 - Twitter is running
2015-04-21 11:59:16 INFO  StreamsMonitor:166 - Twitter is running
2015-04-21 11:59:18 INFO  StreamsMonitor:166 - Twitter is running
2015-04-21 11:59:20 INFO  StreamsMonitor:166 - Twitter is running
2015-04-21 11:59:22 INFO  StreamsMonitor:166 - Twitter is running
2015-04-21 11:59:24 INFO  StreamsMonitor:166 - Twitter is running
2015-04-21 11:59:26 INFO  StreamsMonitor:166 - Twitter is running
2015-04-21 11:59:28 INFO  StreamsMonitor:166 - Twitter is running
2015-04-21 11:59:30 INFO  StreamsMonitor:166 - Twitter is running
2015-04-21 11:59:32 INFO  StreamsMonitor:166 - Twitter is running
2015-04-21 11:59:34 INFO  StreamsMonitor:166 - Twitter is running
2015-04-21 11:59:36 INFO  StreamsMonitor:166 - Twitter is running
2015-04-21 11:59:38 INFO  StreamsMonitor:166 - Twitter is running
2015-04-21 11:59:40 INFO  StreamsMonitor:166 - Twitter is running
2015-04-21 11:59:42 INFO  StreamsMonitor:166 - Twitter is running
2015-04-21 11:59:44 INFO  StreamsMonitor:166 - Twitter is running
2015-04-21 11:59:46 INFO  StreamsMonitor:166 - Twitter is running
2015-04-21 11:59:48 INFO  StreamsMonitor:166 - Twitter is running
2015-04-21 11:59:50 INFO  StreamsMonitor:166 - Twitter is running
2015-04-21 11:59:52 INFO  StreamsMonitor:166 - Twitter is running
2015-04-21 11:59:54 INFO  StreamsMonitor:166 - Twitter is running
2015-04-21 11:59:56 INFO  StreamsMonitor:166 - Twitter is running
2015-04-21 11:59:58 INFO  StreamsMonitor:166 - Twitter is running
2015-04-21 12:00:00 INFO  StreamsMonitor:166 - Twitter is running
2015-04-21 12:00:02 INFO  StreamsMonitor:166 - Twitter is running
2015-04-21 12:00:04 INFO  StreamsMonitor:166 - Twitter is running
2015-04-21 12:00:06 INFO  StreamsMonitor:166 - Twitter is running
2015-04-21 12:00:08 INFO  StreamsMonitor:166 - Twitter is running
2015-04-21 12:00:10 INFO  StreamsMonitor:166 - Twitter is running
2015-04-21 12:00:12 INFO  StreamsMonitor:166 - Twitter is running
2015-04-21 12:00:14 INFO  StreamsMonitor:166 - Twitter is running
2015-04-21 12:00:16 INFO  StreamsMonitor:166 - Twitter is running
2015-04-21 12:00:18 INFO  StreamsMonitor:166 - Twitter is running
2015-04-21 12:00:20 INFO  StreamsMonitor:166 - Twitter is running
2015-04-21 12:00:22 INFO  StreamsMonitor:166 - Twitter is running
2015-04-21 12:00:24 INFO  StreamsMonitor:166 - Twitter is running
2015-04-21 12:00:26 INFO  StreamsMonitor:166 - Twitter is running
2015-04-21 12:00:28 INFO  StreamsMonitor:166 - Twitter is running
2015-04-21 12:00:30 INFO  StreamsMonitor:166 - Twitter is running
2015-04-21 12:00:32 INFO  StreamsMonitor:166 - Twitter is running
2015-04-21 12:00:34 INFO  StreamsMonitor:166 - Twitter is running
2015-04-21 12:00:36 INFO  StreamsMonitor:166 - Twitter is running
2015-04-21 12:00:38 INFO  StreamsMonitor:166 - Twitter is running
2015-04-21 12:00:40 INFO  StreamsMonitor:166 - Twitter is running
2015-04-21 12:00:42 INFO  StreamsMonitor:166 - Twitter is running
2015-04-21 12:00:44 INFO  StreamsMonitor:166 - Twitter is running
2015-04-21 12:00:46 INFO  StreamsMonitor:166 - Twitter is running
2015-04-21 12:00:48 INFO  StreamsMonitor:166 - Twitter is running
2015-04-21 12:00:50 INFO  StreamsMonitor:166 - Twitter is running
2015-04-21 12:00:52 INFO  StreamsMonitor:166 - Twitter is running
2015-04-21 12:00:54 INFO  StreamsMonitor:166 - Twitter is running
2015-04-21 12:00:56 INFO  StreamsMonitor:166 - Twitter is running
2015-04-21 12:00:58 INFO  StreamsMonitor:166 - Twitter is running
2015-04-21 12:01:00 INFO  StreamsMonitor:166 - Twitter is running
2015-04-21 12:01:02 INFO  StreamsMonitor:166 - Twitter is running
2015-04-21 12:01:04 INFO  StreamsMonitor:166 - Twitter is running
2015-04-21 12:01:06 INFO  Stream:111 - Retrieved items for Twitter are : 18000
